# JRE version: OpenJDK Runtime Environment (23.0.1+11) (build 23.0.1+11-39)
# Java VM: OpenJDK 64-Bit Server VM (23.0.1+11-39, mixed mode, emulated-client, sharing, tiered, compressed oops, compressed class ptrs, g1 gc, windows-amd64)
GC Precious Log:
 CardTable entry size: 512
 Card Set container configuration: InlinePtr #cards 5 size 8 Array Of Cards #cards 10 size 36 Howl #buckets 4 coarsen threshold 1843 Howl Bitmap #cards 512 size 80 coarsen threshold 460 Card regions per heap region 1 cards per card region 2048
 CPUs: 4 total, 4 available
 Memory: 3863M
 Large Page Support: Disabled
 NUMA Support: Disabled
 Compressed Oops: Enabled (32-bit)
 Heap Region Size: 1M
 Heap Min Capacity: 8M
 Heap Initial Capacity: 62M
 Heap Max Capacity: 966M
 Pre-touch: Disabled
 Parallel Workers: 4
 Concurrent Workers: 1
 Concurrent Refinement Workers: 4
 Periodic GC: Disabled
Heap:
 garbage-first heap   total reserved 989184K, committed 50176K, used 33894K [0x00000000c3a00000, 0x0000000100000000)
  region size 1024K, 7 young (7168K), 1 survivors (1024K)
 Metaspace       used 63490K, committed 64256K, reserved 1114112K
  class space    used 9189K, committed 9536K, reserved 1048576K
GC Heap History (20 events):
Event: 6.870 GC heap before
{Heap before GC invocations=8 (full 0):
 garbage-first heap   total reserved 989184K, committed 48128K, used 38164K [0x00000000c3a00000, 0x0000000100000000)
  region size 1024K, 23 young (23552K), 3 survivors (3072K)
 Metaspace       used 31310K, committed 31872K, reserved 1114112K
  class space    used 4379K, committed 4608K, reserved 1048576K
}
Event: 6.874 GC heap after
{Heap after GC invocations=9 (full 0):
 garbage-first heap   total reserved 989184K, committed 48128K, used 18838K [0x00000000c3a00000, 0x0000000100000000)
  region size 1024K, 2 young (2048K), 2 survivors (2048K)
 Metaspace       used 31310K, committed 31872K, reserved 1114112K
  class space    used 4379K, committed 4608K, reserved 1048576K
}
Event: 7.437 GC heap before
{Heap before GC invocations=9 (full 0):
 garbage-first heap   total reserved 989184K, committed 48128K, used 33174K [0x00000000c3a00000, 0x0000000100000000)
  region size 1024K, 17 young (17408K), 2 survivors (2048K)
 Metaspace       used 35430K, committed 35968K, reserved 1114112K
  class space    used 5066K, committed 5312K, reserved 1048576K
}
Event: 7.439 GC heap after
{Heap after GC invocations=10 (full 0):
 garbage-first heap   total reserved 989184K, committed 48128K, used 19536K [0x00000000c3a00000, 0x0000000100000000)
  region size 1024K, 3 young (3072K), 3 survivors (3072K)
 Metaspace       used 35430K, committed 35968K, reserved 1114112K
  class space    used 5066K, committed 5312K, reserved 1048576K
}
Event: 8.362 GC heap before
{Heap before GC invocations=11 (full 0):
 garbage-first heap   total reserved 989184K, committed 48128K, used 37968K [0x00000000c3a00000, 0x0000000100000000)
  region size 1024K, 22 young (22528K), 3 survivors (3072K)
 Metaspace       used 43937K, committed 44608K, reserved 1114112K
  class space    used 6177K, committed 6464K, reserved 1048576K
}
Event: 8.369 GC heap after
{Heap after GC invocations=12 (full 0):
 garbage-first heap   total reserved 989184K, committed 48128K, used 21752K [0x00000000c3a00000, 0x0000000100000000)
  region size 1024K, 3 young (3072K), 3 survivors (3072K)
 Metaspace       used 43937K, committed 44608K, reserved 1114112K
  class space    used 6177K, committed 6464K, reserved 1048576K
}
Event: 8.910 GC heap before
{Heap before GC invocations=12 (full 0):
 garbage-first heap   total reserved 989184K, committed 48128K, used 40184K [0x00000000c3a00000, 0x0000000100000000)
  region size 1024K, 22 young (22528K), 3 survivors (3072K)
 Metaspace       used 48117K, committed 48768K, reserved 1114112K
  class space    used 6762K, committed 7040K, reserved 1048576K
}
Event: 8.915 GC heap after
{Heap after GC invocations=13 (full 0):
 garbage-first heap   total reserved 989184K, committed 48128K, used 22999K [0x00000000c3a00000, 0x0000000100000000)
  region size 1024K, 2 young (2048K), 2 survivors (2048K)
 Metaspace       used 48117K, committed 48768K, reserved 1114112K
  class space    used 6762K, committed 7040K, reserved 1048576K
}
Event: 9.378 GC heap before
{Heap before GC invocations=13 (full 0):
 garbage-first heap   total reserved 989184K, committed 48128K, used 40407K [0x00000000c3a00000, 0x0000000100000000)
  region size 1024K, 20 young (20480K), 2 survivors (2048K)
 Metaspace       used 54128K, committed 54720K, reserved 1114112K
  class space    used 7754K, committed 8000K, reserved 1048576K
}
Event: 9.382 GC heap after
{Heap after GC invocations=14 (full 0):
 garbage-first heap   total reserved 989184K, committed 48128K, used 23817K [0x00000000c3a00000, 0x0000000100000000)
  region size 1024K, 3 young (3072K), 3 survivors (3072K)
 Metaspace       used 54128K, committed 54720K, reserved 1114112K
  class space    used 7754K, committed 8000K, reserved 1048576K
}
Event: 9.762 GC heap before
{Heap before GC invocations=14 (full 0):
 garbage-first heap   total reserved 989184K, committed 48128K, used 40201K [0x00000000c3a00000, 0x0000000100000000)
  region size 1024K, 20 young (20480K), 3 survivors (3072K)
 Metaspace       used 58171K, committed 58752K, reserved 1114112K
  class space    used 8330K, committed 8576K, reserved 1048576K
}
Event: 9.766 GC heap after
{Heap after GC invocations=15 (full 0):
 garbage-first heap   total reserved 989184K, committed 48128K, used 25215K [0x00000000c3a00000, 0x0000000100000000)
  region size 1024K, 3 young (3072K), 3 survivors (3072K)
 Metaspace       used 58171K, committed 58752K, reserved 1114112K
  class space    used 8330K, committed 8576K, reserved 1048576K
}
Event: 9.894 GC heap before
{Heap before GC invocations=15 (full 0):
 garbage-first heap   total reserved 989184K, committed 48128K, used 31359K [0x00000000c3a00000, 0x0000000100000000)
  region size 1024K, 10 young (10240K), 3 survivors (3072K)
 Metaspace       used 59664K, committed 60288K, reserved 1114112K
  class space    used 8524K, committed 8768K, reserved 1048576K
}
Event: 9.899 GC heap after
{Heap after GC invocations=16 (full 0):
 garbage-first heap   total reserved 989184K, committed 48128K, used 25645K [0x00000000c3a00000, 0x0000000100000000)
  region size 1024K, 2 young (2048K), 2 survivors (2048K)
 Metaspace       used 59664K, committed 60288K, reserved 1114112K
  class space    used 8524K, committed 8768K, reserved 1048576K
}
Event: 10.265 GC heap before
{Heap before GC invocations=17 (full 0):
 garbage-first heap   total reserved 989184K, committed 48128K, used 42029K [0x00000000c3a00000, 0x0000000100000000)
  region size 1024K, 18 young (18432K), 2 survivors (2048K)
 Metaspace       used 61021K, committed 61696K, reserved 1114112K
  class space    used 8798K, committed 9088K, reserved 1048576K
}
Event: 10.271 GC heap after
{Heap after GC invocations=18 (full 0):
 garbage-first heap   total reserved 989184K, committed 48128K, used 27547K [0x00000000c3a00000, 0x0000000100000000)
  region size 1024K, 3 young (3072K), 3 survivors (3072K)
 Metaspace       used 61021K, committed 61696K, reserved 1114112K
  class space    used 8798K, committed 9088K, reserved 1048576K
}
Event: 14.026 GC heap before
{Heap before GC invocations=18 (full 0):
 garbage-first heap   total reserved 989184K, committed 48128K, used 40859K [0x00000000c3a00000, 0x0000000100000000)
  region size 1024K, 16 young (16384K), 3 survivors (3072K)
 Metaspace       used 62546K, committed 63296K, reserved 1114112K
  class space    used 9036K, committed 9344K, reserved 1048576K
}
Event: 14.033 GC heap after
{Heap after GC invocations=19 (full 0):
 garbage-first heap   total reserved 989184K, committed 48128K, used 28415K [0x00000000c3a00000, 0x0000000100000000)
  region size 1024K, 2 young (2048K), 2 survivors (2048K)
 Metaspace       used 62546K, committed 63296K, reserved 1114112K
  class space    used 9036K, committed 9344K, reserved 1048576K
}
Event: 491.771 GC heap before
{Heap before GC invocations=19 (full 0):
 garbage-first heap   total reserved 989184K, committed 48128K, used 41727K [0x00000000c3a00000, 0x0000000100000000)
  region size 1024K, 15 young (15360K), 2 survivors (2048K)
 Metaspace       used 62851K, committed 63488K, reserved 1114112K
  class space    used 9078K, committed 9344K, reserved 1048576K
}
Event: 491.792 GC heap after
{Heap after GC invocations=20 (full 0):
 garbage-first heap   total reserved 989184K, committed 48128K, used 28774K [0x00000000c3a00000, 0x0000000100000000)
  region size 1024K, 1 young (1024K), 1 survivors (1024K)
 Metaspace       used 62851K, committed 63488K, reserved 1114112K
  class space    used 9078K, committed 9344K, reserved 1048576K
}

